<?xml version="1.0" encoding="UTF-8"?>
<!-- Generated by org.testng.reporters.JUnitReportReporter -->
<testsuite hostname="Admin-PC" failures="0" tests="1" name="restAssuredTests.Demo_PUT_Request" time="3.751" errors="0" timestamp="2021-07-23T07:29:33 IST" skipped="0">
  <testcase classname="restAssuredTests.Demo_PUT_Request" name="testPUT" time="3.751"/>
  <system-out/>
</testsuite> <!-- restAssuredTests.Demo_PUT_Request -->
