<?xml version="1.0" encoding="UTF-8"?>
<!-- Generated by org.testng.reporters.JUnitReportReporter -->
<testsuite hostname="Admin-PC" failures="0" tests="1" name="restAssuredTests.Demo_DELETE_Request" time="3.034" errors="0" timestamp="2021-07-23T10:22:12 IST" skipped="0">
  <testcase classname="restAssuredTests.Demo_DELETE_Request" name="testPost" time="3.034"/>
  <system-out/>
</testsuite> <!-- restAssuredTests.Demo_DELETE_Request -->
